<?xml version="1.0" encoding="UTF-8"?>
<!-- Generated by org.testng.reporters.JUnitReportReporter -->
<testsuite hostname="ASCINLAP61473" failures="0" tests="1" name="com.fry.test.loginsnap" time="27.024" errors="0" timestamp="2025-10-23T16:18:52 IST" skipped="0">
  <testcase classname="com.fry.test.loginsnap" name="completeSnapdealFlow" time="27.024"/>
</testsuite> <!-- com.fry.test.loginsnap -->
