<?xml version="1.0" encoding="UTF-8"?>
<!-- Generated by org.testng.reporters.JUnitReportReporter -->
<testsuite hostname="ASCINLAP61473" failures="0" tests="5" name="com.fry.test.SnapdealEndToEndCombinedTest" time="246.052" errors="0" timestamp="2025-10-24T16:35:55 IST" skipped="0">
  <testcase classname="com.fry.test.SnapdealEndToEndCombinedTest" name="loginWithOTP" time="57.725"/>
  <testcase classname="com.fry.test.SnapdealEndToEndCombinedTest" name="addBluetoothSpeakerToCart" time="63.765"/>
  <testcase classname="com.fry.test.SnapdealEndToEndCombinedTest" name="addSportsShoesToCart" time="64.863"/>
  <testcase classname="com.fry.test.SnapdealEndToEndCombinedTest" name="verifyCartIsEmpty" time="31.908"/>
  <testcase classname="com.fry.test.SnapdealEndToEndCombinedTest" name="logout" time="27.791"/>
</testsuite> <!-- com.fry.test.SnapdealEndToEndCombinedTest -->
