<?xml version="1.0" encoding="UTF-8"?>
<!-- Generated by org.testng.reporters.JUnitReportReporter -->
<testsuite hostname="ASCINLAP61473" failures="0" tests="1" name="com.fry.test.SnapdealAddMultipleProductsTest" time="63.810" errors="0" timestamp="2025-10-24T10:12:50 IST" skipped="0">
  <testcase classname="com.fry.test.SnapdealAddMultipleProductsTest" name="addTwoProductsWithDuplicatesAndSetPincode" time="63.810"/>
</testsuite> <!-- com.fry.test.SnapdealAddMultipleProductsTest -->
